2024/09/01 13:08:09 Server started on port 8989
2024/09/01 13:08:21 Client hamza connected
2024/09/01 13:08:25 Client ali connected
2024/09/01 13:08:40 Client mouad connected
2024/09/01 13:08:48 Message from mouad: hello
2024/09/01 13:08:59 Message from ali: yuuup
2024/09/01 13:09:07 Message from hamza: grrrrrrrrrrrrrrrrrrrrrr
2024/09/01 13:10:52 Message from ali: sssssssssupp nigas
2024/09/01 13:12:21 Client ali changed name to aloix
2024/09/01 13:12:36 Message from aloix: hiiiii
2024/09/01 13:14:56 Client aloix disconnected
2024/09/01 13:15:02 Client aliox connected
2024/09/01 13:15:13 Message from aliox: sfsdfsdf
2024/09/01 13:16:20 Server started on port 8989
2024/09/01 13:50:07 Listening on port :8989
2024/09/01 13:51:04 Listening on port :8989
2024/09/01 13:51:26 haza joined the chat
2024/09/01 13:51:38 haza left the chat
2024/09/01 13:52:14 Server started on port 8989
2024/09/01 13:59:29 Listening on port :8989
2024/09/01 13:59:38 hi joined the chat
2024/09/01 14:06:28 Listening on port :8989
2024/09/01 14:06:42 hamza joined the chat
2024/09/01 14:07:00 hamza left the chat
